{"total": {"lines":{"total":184,"covered":182,"skipped":0,"pct":98.91},"statements":{"total":196,"covered":194,"skipped":0,"pct":98.97},"functions":{"total":44,"covered":43,"skipped":0,"pct":97.72},"branches":{"total":128,"covered":122,"skipped":0,"pct":95.31},"branchesTrue":{"total":0,"covered":0,"skipped":0,"pct":100}}
,"/home/runner/workspace/artifacts/carbontwin-ai/src/lib/utils.ts": {"lines":{"total":1,"covered":1,"skipped":0,"pct":100},"functions":{"total":1,"covered":1,"skipped":0,"pct":100},"statements":{"total":1,"covered":1,"skipped":0,"pct":100},"branches":{"total":0,"covered":0,"skipped":0,"pct":100}}
,"/home/runner/workspace/artifacts/carbontwin-ai/src/lib/carbon/assistant.ts": {"lines":{"total":72,"covered":72,"skipped":0,"pct":100},"functions":{"total":9,"covered":9,"skipped":0,"pct":100},"statements":{"total":80,"covered":80,"skipped":0,"pct":100},"branches":{"total":88,"covered":87,"skipped":0,"pct":98.86}}
,"/home/runner/workspace/artifacts/carbontwin-ai/src/lib/carbon/calculator.ts": {"lines":{"total":28,"covered":28,"skipped":0,"pct":100},"functions":{"total":9,"covered":9,"skipped":0,"pct":100},"statements":{"total":29,"covered":29,"skipped":0,"pct":100},"branches":{"total":26,"covered":25,"skipped":0,"pct":96.15}}
,"/home/runner/workspace/artifacts/carbontwin-ai/src/lib/carbon/constants.ts": {"lines":{"total":19,"covered":19,"skipped":0,"pct":100},"functions":{"total":0,"covered":0,"skipped":0,"pct":100},"statements":{"total":19,"covered":19,"skipped":0,"pct":100},"branches":{"total":0,"covered":0,"skipped":0,"pct":100}}
,"/home/runner/workspace/artifacts/carbontwin-ai/src/lib/carbon/math.ts": {"lines":{"total":7,"covered":7,"skipped":0,"pct":100},"functions":{"total":5,"covered":5,"skipped":0,"pct":100},"statements":{"total":8,"covered":8,"skipped":0,"pct":100},"branches":{"total":0,"covered":0,"skipped":0,"pct":100}}
,"/home/runner/workspace/artifacts/carbontwin-ai/src/lib/carbon/simulation.ts": {"lines":{"total":21,"covered":21,"skipped":0,"pct":100},"functions":{"total":5,"covered":5,"skipped":0,"pct":100},"statements":{"total":21,"covered":21,"skipped":0,"pct":100},"branches":{"total":2,"covered":2,"skipped":0,"pct":100}}
,"/home/runner/workspace/artifacts/carbontwin-ai/src/lib/carbon/types.ts": {"lines":{"total":0,"covered":0,"skipped":0,"pct":0},"functions":{"total":0,"covered":0,"skipped":0,"pct":0},"statements":{"total":0,"covered":0,"skipped":0,"pct":0},"branches":{"total":0,"covered":0,"skipped":0,"pct":0}}
,"/home/runner/workspace/artifacts/carbontwin-ai/src/lib/landing/content.ts": {"lines":{"total":4,"covered":4,"skipped":0,"pct":100},"functions":{"total":0,"covered":0,"skipped":0,"pct":100},"statements":{"total":4,"covered":4,"skipped":0,"pct":100},"branches":{"total":0,"covered":0,"skipped":0,"pct":100}}
,"/home/runner/workspace/artifacts/carbontwin-ai/src/lib/onboarding/options.ts": {"lines":{"total":11,"covered":11,"skipped":0,"pct":100},"functions":{"total":2,"covered":2,"skipped":0,"pct":100},"statements":{"total":12,"covered":12,"skipped":0,"pct":100},"branches":{"total":2,"covered":2,"skipped":0,"pct":100}}
,"/home/runner/workspace/artifacts/carbontwin-ai/src/lib/onboarding/validation.ts": {"lines":{"total":9,"covered":9,"skipped":0,"pct":100},"functions":{"total":2,"covered":2,"skipped":0,"pct":100},"statements":{"total":9,"covered":9,"skipped":0,"pct":100},"branches":{"total":6,"covered":6,"skipped":0,"pct":100}}
,"/home/runner/workspace/artifacts/carbontwin-ai/src/store/onboarding.ts": {"lines":{"total":12,"covered":10,"skipped":0,"pct":83.33},"functions":{"total":11,"covered":10,"skipped":0,"pct":90.9},"statements":{"total":13,"covered":11,"skipped":0,"pct":84.61},"branches":{"total":4,"covered":0,"skipped":0,"pct":0}}
}
